2025-10-27 13:36:57,503 DEBUG    root            Loaded Command Group: ['gcloud', 'components']
2025-10-27 13:36:57,537 DEBUG    root            Loaded Command Group: ['gcloud', 'components', 'update']
2025-10-27 13:36:57,539 DEBUG    root            Running [gcloud.components.update] with arguments: [--quiet: "True", COMPONENT-IDS:8: "['gcloud', 'core', 'bq', 'gsutil', 'compute', 'preview', 'alpha', 'beta']"]
2025-10-27 13:36:57,540 INFO     ___FILE_ONLY___ Beginning update. This process may take several minutes.

2025-10-27 13:36:57,548 DEBUG    urllib3.connectionpool Starting new HTTPS connection (1): dl.google.com:443
2025-10-27 13:36:57,560 DEBUG    urllib3.connectionpool https://dl.google.com:443 "GET /dl/cloudsdk/channels/rapid/components-2.json HTTP/1.1" 200 233157
2025-10-27 13:36:57,573 WARNING  root            Component [compute] no longer exists.
2025-10-27 13:36:57,574 INFO     ___FILE_ONLY___ 

2025-10-27 13:36:57,575 INFO     ___FILE_ONLY___ 
Your current Google Cloud CLI version is: 544.0.0

2025-10-27 13:36:57,575 INFO     ___FILE_ONLY___ Installing components from version: 544.0.0

2025-10-27 13:36:57,575 INFO     ___FILE_ONLY___ 

2025-10-27 13:36:57,575 DEBUG    root            Chosen display Format:table[box,title="These components will be removed."](details.display_name:label=Name:align=left,version.version_string:label=Version:align=right,data.size.size(zero="",min=1048576):label=Size:align=right)
2025-10-27 13:36:57,575 DEBUG    root            Chosen display Format:table[box,title="These components will be updated."](details.display_name:label=Name:align=left,version.version_string:label=Version:align=right,data.size.size(zero="",min=1048576):label=Size:align=right)
2025-10-27 13:36:57,576 DEBUG    root            Chosen display Format:table[box,title="These components will be installed."](details.display_name:label=Name:align=left,version.version_string:label=Version:align=right,data.size.size(zero="",min=1048576):label=Size:align=right)
2025-10-27 13:36:57,592 INFO     ___FILE_ONLY___ ┌────────────────────────────────────────────────┐
2025-10-27 13:36:57,592 INFO     ___FILE_ONLY___ 

2025-10-27 13:36:57,593 INFO     ___FILE_ONLY___ │      These components will be installed.       │
2025-10-27 13:36:57,593 INFO     ___FILE_ONLY___ 

2025-10-27 13:36:57,593 INFO     ___FILE_ONLY___ ├─────────────────────────┬────────────┬─────────┤
2025-10-27 13:36:57,593 INFO     ___FILE_ONLY___ 

2025-10-27 13:36:57,593 INFO     ___FILE_ONLY___ │           Name          │  Version   │   Size  │
2025-10-27 13:36:57,593 INFO     ___FILE_ONLY___ 

2025-10-27 13:36:57,593 INFO     ___FILE_ONLY___ ├─────────────────────────┼────────────┼─────────┤
2025-10-27 13:36:57,593 INFO     ___FILE_ONLY___ 

2025-10-27 13:36:57,593 INFO     ___FILE_ONLY___ │ 
2025-10-27 13:36:57,593 INFO     ___FILE_ONLY___ gcloud Alpha Commands  
2025-10-27 13:36:57,593 INFO     ___FILE_ONLY___  
2025-10-27 13:36:57,593 INFO     ___FILE_ONLY___ │ 
2025-10-27 13:36:57,593 INFO     ___FILE_ONLY___ 2025.10.17
2025-10-27 13:36:57,593 INFO     ___FILE_ONLY___  
2025-10-27 13:36:57,593 INFO     ___FILE_ONLY___ │ 
2025-10-27 13:36:57,593 INFO     ___FILE_ONLY___ < 1 MiB
2025-10-27 13:36:57,593 INFO     ___FILE_ONLY___  
2025-10-27 13:36:57,593 INFO     ___FILE_ONLY___ │
2025-10-27 13:36:57,593 INFO     ___FILE_ONLY___ 

2025-10-27 13:36:57,594 INFO     ___FILE_ONLY___ │ 
2025-10-27 13:36:57,594 INFO     ___FILE_ONLY___ gcloud Beta Commands   
2025-10-27 13:36:57,594 INFO     ___FILE_ONLY___  
2025-10-27 13:36:57,594 INFO     ___FILE_ONLY___ │ 
2025-10-27 13:36:57,594 INFO     ___FILE_ONLY___ 2025.10.17
2025-10-27 13:36:57,594 INFO     ___FILE_ONLY___  
2025-10-27 13:36:57,594 INFO     ___FILE_ONLY___ │ 
2025-10-27 13:36:57,594 INFO     ___FILE_ONLY___ < 1 MiB
2025-10-27 13:36:57,594 INFO     ___FILE_ONLY___  
2025-10-27 13:36:57,594 INFO     ___FILE_ONLY___ │
2025-10-27 13:36:57,594 INFO     ___FILE_ONLY___ 

2025-10-27 13:36:57,594 INFO     ___FILE_ONLY___ │ 
2025-10-27 13:36:57,594 INFO     ___FILE_ONLY___ gcloud Preview Commands
2025-10-27 13:36:57,594 INFO     ___FILE_ONLY___  
2025-10-27 13:36:57,594 INFO     ___FILE_ONLY___ │ 
2025-10-27 13:36:57,594 INFO     ___FILE_ONLY___           
2025-10-27 13:36:57,594 INFO     ___FILE_ONLY___  
2025-10-27 13:36:57,594 INFO     ___FILE_ONLY___ │ 
2025-10-27 13:36:57,594 INFO     ___FILE_ONLY___ < 1 MiB
2025-10-27 13:36:57,594 INFO     ___FILE_ONLY___  
2025-10-27 13:36:57,594 INFO     ___FILE_ONLY___ │
2025-10-27 13:36:57,595 INFO     ___FILE_ONLY___ 

2025-10-27 13:36:57,595 INFO     ___FILE_ONLY___ └─────────────────────────┴────────────┴─────────┘
2025-10-27 13:36:57,595 INFO     ___FILE_ONLY___ 

2025-10-27 13:36:57,595 INFO     ___FILE_ONLY___ 

2025-10-27 13:36:57,598 DEBUG    urllib3.connectionpool Starting new HTTPS connection (1): dl.google.com:443
2025-10-27 13:36:57,610 DEBUG    urllib3.connectionpool https://dl.google.com:443 "GET /dl/cloudsdk/channels/rapid/RELEASE_NOTES HTTP/1.1" 200 1506053
2025-10-27 13:36:58,127 INFO     ___FILE_ONLY___ For the latest full release notes, please visit:
  https://cloud.google.com/sdk/release_notes


2025-10-27 13:36:58,127 INFO     ___FILE_ONLY___ Performing in place update...


2025-10-27 13:36:58,129 INFO     ___FILE_ONLY___ ╔════════════════════════════════════════════════════════════╗

2025-10-27 13:36:58,129 INFO     ___FILE_ONLY___ ╠═ Downloading: gcloud Alpha Commands                       ═╣

2025-10-27 13:36:58,130 INFO     ___FILE_ONLY___ ╚
2025-10-27 13:36:58,132 DEBUG    urllib3.connectionpool Starting new HTTPS connection (1): dl.google.com:443
2025-10-27 13:36:58,145 DEBUG    urllib3.connectionpool https://dl.google.com:443 "GET /dl/cloudsdk/channels/rapid/components/google-cloud-sdk-alpha-20251017124533.tar.gz HTTP/1.1" 200 800
2025-10-27 13:36:58,145 INFO     ___FILE_ONLY___ ════════════════════════════════════════════════════════════
2025-10-27 13:36:58,145 INFO     ___FILE_ONLY___ ╝

2025-10-27 13:36:58,147 INFO     ___FILE_ONLY___ ╔════════════════════════════════════════════════════════════╗

2025-10-27 13:36:58,147 INFO     ___FILE_ONLY___ ╠═ Downloading: gcloud Beta Commands                        ═╣

2025-10-27 13:36:58,147 INFO     ___FILE_ONLY___ ╚
2025-10-27 13:36:58,150 DEBUG    urllib3.connectionpool Starting new HTTPS connection (1): dl.google.com:443
2025-10-27 13:36:58,160 DEBUG    urllib3.connectionpool https://dl.google.com:443 "GET /dl/cloudsdk/channels/rapid/components/google-cloud-sdk-beta-20251017124533.tar.gz HTTP/1.1" 200 797
2025-10-27 13:36:58,160 INFO     ___FILE_ONLY___ ════════════════════════════════════════════════════════════
2025-10-27 13:36:58,160 INFO     ___FILE_ONLY___ ╝

2025-10-27 13:36:58,162 INFO     ___FILE_ONLY___ ╔════════════════════════════════════════════════════════════╗

2025-10-27 13:36:58,162 INFO     ___FILE_ONLY___ ╠═ Downloading: gcloud Preview Commands                     ═╣

2025-10-27 13:36:58,162 INFO     ___FILE_ONLY___ ╚
2025-10-27 13:36:58,165 DEBUG    urllib3.connectionpool Starting new HTTPS connection (1): dl.google.com:443
2025-10-27 13:36:58,207 DEBUG    urllib3.connectionpool https://dl.google.com:443 "GET /dl/cloudsdk/channels/rapid/components/google-cloud-sdk-preview-20241115154308.tar.gz HTTP/1.1" 200 823
2025-10-27 13:36:58,207 INFO     ___FILE_ONLY___ ════════════════════════════════════════════════════════════
2025-10-27 13:36:58,208 INFO     ___FILE_ONLY___ ╝

2025-10-27 13:36:58,209 INFO     ___FILE_ONLY___ ╔════════════════════════════════════════════════════════════╗

2025-10-27 13:36:58,210 INFO     ___FILE_ONLY___ ╠═ Installing: gcloud Alpha Commands                        ═╣

2025-10-27 13:36:58,210 INFO     ___FILE_ONLY___ ╚
2025-10-27 13:36:58,211 INFO     ___FILE_ONLY___ ════════════════════════════════════════════════════════════
2025-10-27 13:36:58,211 INFO     ___FILE_ONLY___ ╝

2025-10-27 13:36:58,215 INFO     ___FILE_ONLY___ ╔════════════════════════════════════════════════════════════╗

2025-10-27 13:36:58,216 INFO     ___FILE_ONLY___ ╠═ Installing: gcloud Beta Commands                         ═╣

2025-10-27 13:36:58,216 INFO     ___FILE_ONLY___ ╚
2025-10-27 13:36:58,216 INFO     ___FILE_ONLY___ ════════════════════════════════════════════════════════════
2025-10-27 13:36:58,216 INFO     ___FILE_ONLY___ ╝

2025-10-27 13:36:58,222 INFO     ___FILE_ONLY___ ╔════════════════════════════════════════════════════════════╗

2025-10-27 13:36:58,222 INFO     ___FILE_ONLY___ ╠═ Installing: gcloud Preview Commands                      ═╣

2025-10-27 13:36:58,222 INFO     ___FILE_ONLY___ ╚
2025-10-27 13:36:58,223 INFO     ___FILE_ONLY___ ════════════════════════════════════════════════════════════
2025-10-27 13:36:58,223 INFO     ___FILE_ONLY___ ╝

2025-10-27 13:36:58,227 DEBUG    root            Updating notification cache...
2025-10-27 13:36:58,228 INFO     ___FILE_ONLY___ 

2025-10-27 13:36:58,229 INFO     ___FILE_ONLY___ Performing post processing steps...
2025-10-27 13:36:58,230 DEBUG    root            Executing command: ['/tools/google-cloud-sdk/bin/gcloud', 'components', 'post-process']
2025-10-27 13:37:06,800 DEBUG    ___FILE_ONLY___ 
2025-10-27 13:37:06,800 DEBUG    ___FILE_ONLY___ 
2025-10-27 13:37:06,995 INFO     root            descriptor_list: [{'universeDomain': 'googleapis.com', 'universeShortName': '', 'authenticationDomain': 'auth.cloud.google.com', 'projectPrefix': '', 'cloudWebDomain': 'cloud.google.com', 'documentationDomain': 'cloud.google.com', 'version': '1.0.0', 'state': 'primary', 'artifactRegistryDomain': 'pkg.dev'}]
2025-10-27 13:37:06,996 INFO     ___FILE_ONLY___ 
Update done!


2025-10-27 13:37:06,998 DEBUG    root            Chosen display Format:none
2025-10-27 13:37:06,998 INFO     root            Display format: "none"
