2025-10-27 13:36:40,036 DEBUG    root            Loaded Command Group: ['gcloud', 'components']
2025-10-27 13:36:40,040 DEBUG    root            Loaded Command Group: ['gcloud', 'components', 'update']
2025-10-27 13:36:40,042 DEBUG    root            Running [gcloud.components.update] with arguments: [--compile-python: "True", --quiet: "True", COMPONENT-IDS:6: "['core', 'gcloud-deps', 'bq', 'gcloud', 'gcloud-crc32c', 'gsutil']"]
2025-10-27 13:36:40,043 INFO     ___FILE_ONLY___ Beginning update. This process may take several minutes.

2025-10-27 13:36:40,079 DEBUG    urllib3.connectionpool Starting new HTTPS connection (1): dl.google.com:443
2025-10-27 13:36:40,088 DEBUG    urllib3.connectionpool https://dl.google.com:443 "GET /dl/cloudsdk/channels/rapid/components-2.json HTTP/1.1" 200 233157
2025-10-27 13:36:40,099 INFO     ___FILE_ONLY___ 

2025-10-27 13:36:40,099 INFO     ___FILE_ONLY___ 
Your current Google Cloud CLI version is: 544.0.0

2025-10-27 13:36:40,099 INFO     ___FILE_ONLY___ Installing components from version: 544.0.0

2025-10-27 13:36:40,100 INFO     ___FILE_ONLY___ 

2025-10-27 13:36:40,100 DEBUG    root            Chosen display Format:table[box,title="These components will be removed."](details.display_name:label=Name:align=left,version.version_string:label=Version:align=right,data.size.size(zero="",min=1048576):label=Size:align=right)
2025-10-27 13:36:40,100 DEBUG    root            Chosen display Format:table[box,title="These components will be updated."](details.display_name:label=Name:align=left,version.version_string:label=Version:align=right,data.size.size(zero="",min=1048576):label=Size:align=right)
2025-10-27 13:36:40,101 DEBUG    root            Chosen display Format:table[box,title="These components will be installed."](details.display_name:label=Name:align=left,version.version_string:label=Version:align=right,data.size.size(zero="",min=1048576):label=Size:align=right)
2025-10-27 13:36:40,145 INFO     ___FILE_ONLY___ ┌─────────────────────────────────────────────────────────────────────────────┐
2025-10-27 13:36:40,145 INFO     ___FILE_ONLY___ 

2025-10-27 13:36:40,145 INFO     ___FILE_ONLY___ │                     These components will be installed.                     │
2025-10-27 13:36:40,145 INFO     ___FILE_ONLY___ 

2025-10-27 13:36:40,145 INFO     ___FILE_ONLY___ ├─────────────────────────────────────────────────────┬────────────┬──────────┤
2025-10-27 13:36:40,145 INFO     ___FILE_ONLY___ 

2025-10-27 13:36:40,145 INFO     ___FILE_ONLY___ │                         Name                        │  Version   │   Size   │
2025-10-27 13:36:40,145 INFO     ___FILE_ONLY___ 

2025-10-27 13:36:40,145 INFO     ___FILE_ONLY___ ├─────────────────────────────────────────────────────┼────────────┼──────────┤
2025-10-27 13:36:40,145 INFO     ___FILE_ONLY___ 

2025-10-27 13:36:40,145 INFO     ___FILE_ONLY___ │ 
2025-10-27 13:36:40,145 INFO     ___FILE_ONLY___ BigQuery Command Line Tool                         
2025-10-27 13:36:40,145 INFO     ___FILE_ONLY___  
2025-10-27 13:36:40,145 INFO     ___FILE_ONLY___ │ 
2025-10-27 13:36:40,145 INFO     ___FILE_ONLY___     2.1.24
2025-10-27 13:36:40,145 INFO     ___FILE_ONLY___  
2025-10-27 13:36:40,146 INFO     ___FILE_ONLY___ │ 
2025-10-27 13:36:40,146 INFO     ___FILE_ONLY___  1.8 MiB
2025-10-27 13:36:40,146 INFO     ___FILE_ONLY___  
2025-10-27 13:36:40,146 INFO     ___FILE_ONLY___ │
2025-10-27 13:36:40,146 INFO     ___FILE_ONLY___ 

2025-10-27 13:36:40,146 INFO     ___FILE_ONLY___ │ 
2025-10-27 13:36:40,146 INFO     ___FILE_ONLY___ BigQuery Command Line Tool (Platform Specific)     
2025-10-27 13:36:40,146 INFO     ___FILE_ONLY___  
2025-10-27 13:36:40,146 INFO     ___FILE_ONLY___ │ 
2025-10-27 13:36:40,146 INFO     ___FILE_ONLY___     2.1.17
2025-10-27 13:36:40,146 INFO     ___FILE_ONLY___  
2025-10-27 13:36:40,146 INFO     ___FILE_ONLY___ │ 
2025-10-27 13:36:40,146 INFO     ___FILE_ONLY___  < 1 MiB
2025-10-27 13:36:40,146 INFO     ___FILE_ONLY___  
2025-10-27 13:36:40,146 INFO     ___FILE_ONLY___ │
2025-10-27 13:36:40,146 INFO     ___FILE_ONLY___ 

2025-10-27 13:36:40,146 INFO     ___FILE_ONLY___ │ 
2025-10-27 13:36:40,146 INFO     ___FILE_ONLY___ Bundled Python 3.12 (Platform Specific)            
2025-10-27 13:36:40,146 INFO     ___FILE_ONLY___  
2025-10-27 13:36:40,146 INFO     ___FILE_ONLY___ │ 
2025-10-27 13:36:40,147 INFO     ___FILE_ONLY___     3.12.9
2025-10-27 13:36:40,147 INFO     ___FILE_ONLY___  
2025-10-27 13:36:40,147 INFO     ___FILE_ONLY___ │ 
2025-10-27 13:36:40,147 INFO     ___FILE_ONLY___ 89.3 MiB
2025-10-27 13:36:40,147 INFO     ___FILE_ONLY___  
2025-10-27 13:36:40,147 INFO     ___FILE_ONLY___ │
2025-10-27 13:36:40,147 INFO     ___FILE_ONLY___ 

2025-10-27 13:36:40,147 INFO     ___FILE_ONLY___ │ 
2025-10-27 13:36:40,147 INFO     ___FILE_ONLY___ Cloud Storage Command Line Tool                    
2025-10-27 13:36:40,147 INFO     ___FILE_ONLY___  
2025-10-27 13:36:40,147 INFO     ___FILE_ONLY___ │ 
2025-10-27 13:36:40,147 INFO     ___FILE_ONLY___       5.35
2025-10-27 13:36:40,147 INFO     ___FILE_ONLY___  
2025-10-27 13:36:40,147 INFO     ___FILE_ONLY___ │ 
2025-10-27 13:36:40,147 INFO     ___FILE_ONLY___ 12.4 MiB
2025-10-27 13:36:40,147 INFO     ___FILE_ONLY___  
2025-10-27 13:36:40,147 INFO     ___FILE_ONLY___ │
2025-10-27 13:36:40,147 INFO     ___FILE_ONLY___ 

2025-10-27 13:36:40,147 INFO     ___FILE_ONLY___ │ 
2025-10-27 13:36:40,147 INFO     ___FILE_ONLY___ Cloud Storage Command Line Tool (Platform Specific)
2025-10-27 13:36:40,147 INFO     ___FILE_ONLY___  
2025-10-27 13:36:40,148 INFO     ___FILE_ONLY___ │ 
2025-10-27 13:36:40,148 INFO     ___FILE_ONLY___       5.34
2025-10-27 13:36:40,148 INFO     ___FILE_ONLY___  
2025-10-27 13:36:40,148 INFO     ___FILE_ONLY___ │ 
2025-10-27 13:36:40,148 INFO     ___FILE_ONLY___  < 1 MiB
2025-10-27 13:36:40,148 INFO     ___FILE_ONLY___  
2025-10-27 13:36:40,148 INFO     ___FILE_ONLY___ │
2025-10-27 13:36:40,148 INFO     ___FILE_ONLY___ 

2025-10-27 13:36:40,148 INFO     ___FILE_ONLY___ │ 
2025-10-27 13:36:40,148 INFO     ___FILE_ONLY___ Google Cloud CLI Core Libraries (Platform Specific)
2025-10-27 13:36:40,148 INFO     ___FILE_ONLY___  
2025-10-27 13:36:40,148 INFO     ___FILE_ONLY___ │ 
2025-10-27 13:36:40,148 INFO     ___FILE_ONLY___ 2025.05.23
2025-10-27 13:36:40,148 INFO     ___FILE_ONLY___  
2025-10-27 13:36:40,148 INFO     ___FILE_ONLY___ │ 
2025-10-27 13:36:40,148 INFO     ___FILE_ONLY___  < 1 MiB
2025-10-27 13:36:40,148 INFO     ___FILE_ONLY___  
2025-10-27 13:36:40,148 INFO     ___FILE_ONLY___ │
2025-10-27 13:36:40,148 INFO     ___FILE_ONLY___ 

2025-10-27 13:36:40,148 INFO     ___FILE_ONLY___ │ 
2025-10-27 13:36:40,148 INFO     ___FILE_ONLY___ Google Cloud CRC32C Hash Tool (Platform Specific)  
2025-10-27 13:36:40,148 INFO     ___FILE_ONLY___  
2025-10-27 13:36:40,149 INFO     ___FILE_ONLY___ │ 
2025-10-27 13:36:40,149 INFO     ___FILE_ONLY___      1.0.0
2025-10-27 13:36:40,149 INFO     ___FILE_ONLY___  
2025-10-27 13:36:40,149 INFO     ___FILE_ONLY___ │ 
2025-10-27 13:36:40,149 INFO     ___FILE_ONLY___  1.5 MiB
2025-10-27 13:36:40,149 INFO     ___FILE_ONLY___  
2025-10-27 13:36:40,149 INFO     ___FILE_ONLY___ │
2025-10-27 13:36:40,149 INFO     ___FILE_ONLY___ 

2025-10-27 13:36:40,149 INFO     ___FILE_ONLY___ │ 
2025-10-27 13:36:40,149 INFO     ___FILE_ONLY___ gcloud cli dependencies (Platform Specific)        
2025-10-27 13:36:40,149 INFO     ___FILE_ONLY___  
2025-10-27 13:36:40,149 INFO     ___FILE_ONLY___ │ 
2025-10-27 13:36:40,149 INFO     ___FILE_ONLY___ 2021.04.16
2025-10-27 13:36:40,149 INFO     ___FILE_ONLY___  
2025-10-27 13:36:40,149 INFO     ___FILE_ONLY___ │ 
2025-10-27 13:36:40,149 INFO     ___FILE_ONLY___  < 1 MiB
2025-10-27 13:36:40,149 INFO     ___FILE_ONLY___  
2025-10-27 13:36:40,149 INFO     ___FILE_ONLY___ │
2025-10-27 13:36:40,149 INFO     ___FILE_ONLY___ 

2025-10-27 13:36:40,149 INFO     ___FILE_ONLY___ └─────────────────────────────────────────────────────┴────────────┴──────────┘
2025-10-27 13:36:40,150 INFO     ___FILE_ONLY___ 

2025-10-27 13:36:40,150 INFO     ___FILE_ONLY___ 

2025-10-27 13:36:40,153 DEBUG    urllib3.connectionpool Starting new HTTPS connection (1): dl.google.com:443
2025-10-27 13:36:40,165 DEBUG    urllib3.connectionpool https://dl.google.com:443 "GET /dl/cloudsdk/channels/rapid/RELEASE_NOTES HTTP/1.1" 200 1506053
2025-10-27 13:36:40,683 INFO     ___FILE_ONLY___ For the latest full release notes, please visit:
  https://cloud.google.com/sdk/release_notes


2025-10-27 13:36:40,683 INFO     ___FILE_ONLY___ Performing in place update...


2025-10-27 13:36:40,685 INFO     ___FILE_ONLY___ ╔════════════════════════════════════════════════════════════╗

2025-10-27 13:36:40,686 INFO     ___FILE_ONLY___ ╠═ Downloading: BigQuery Command Line Tool                  ═╣

2025-10-27 13:36:40,686 INFO     ___FILE_ONLY___ ╚
2025-10-27 13:36:40,688 DEBUG    urllib3.connectionpool Starting new HTTPS connection (1): dl.google.com:443
2025-10-27 13:36:40,701 DEBUG    urllib3.connectionpool https://dl.google.com:443 "GET /dl/cloudsdk/channels/rapid/components/google-cloud-sdk-bq-20250929142209.tar.gz HTTP/1.1" 200 1861858
2025-10-27 13:36:40,714 INFO     ___FILE_ONLY___ ═
2025-10-27 13:36:40,714 INFO     ___FILE_ONLY___ ═
2025-10-27 13:36:40,714 INFO     ___FILE_ONLY___ ═
2025-10-27 13:36:40,714 INFO     ___FILE_ONLY___ ═
2025-10-27 13:36:40,714 INFO     ___FILE_ONLY___ ═
2025-10-27 13:36:40,714 INFO     ___FILE_ONLY___ ═
2025-10-27 13:36:40,714 INFO     ___FILE_ONLY___ ═
2025-10-27 13:36:40,714 INFO     ___FILE_ONLY___ ═
2025-10-27 13:36:40,714 INFO     ___FILE_ONLY___ ═
2025-10-27 13:36:40,714 INFO     ___FILE_ONLY___ ═
2025-10-27 13:36:40,715 INFO     ___FILE_ONLY___ ═
2025-10-27 13:36:40,715 INFO     ___FILE_ONLY___ ═
2025-10-27 13:36:40,715 INFO     ___FILE_ONLY___ ═
2025-10-27 13:36:40,715 INFO     ___FILE_ONLY___ ═
2025-10-27 13:36:40,715 INFO     ___FILE_ONLY___ ═
2025-10-27 13:36:40,715 INFO     ___FILE_ONLY___ ═
2025-10-27 13:36:40,715 INFO     ___FILE_ONLY___ ═
2025-10-27 13:36:40,715 INFO     ___FILE_ONLY___ ═
2025-10-27 13:36:40,715 INFO     ___FILE_ONLY___ ═
2025-10-27 13:36:40,715 INFO     ___FILE_ONLY___ ═
2025-10-27 13:36:40,715 INFO     ___FILE_ONLY___ ═
2025-10-27 13:36:40,716 INFO     ___FILE_ONLY___ ═
2025-10-27 13:36:40,716 INFO     ___FILE_ONLY___ ═
2025-10-27 13:36:40,716 INFO     ___FILE_ONLY___ ═
2025-10-27 13:36:40,716 INFO     ___FILE_ONLY___ ═
2025-10-27 13:36:40,716 INFO     ___FILE_ONLY___ ═
2025-10-27 13:36:40,716 INFO     ___FILE_ONLY___ ═
2025-10-27 13:36:40,716 INFO     ___FILE_ONLY___ ═
2025-10-27 13:36:40,716 INFO     ___FILE_ONLY___ ═
2025-10-27 13:36:40,716 INFO     ___FILE_ONLY___ ═
2025-10-27 13:36:40,716 INFO     ___FILE_ONLY___ ═
2025-10-27 13:36:40,716 INFO     ___FILE_ONLY___ ═
2025-10-27 13:36:40,716 INFO     ___FILE_ONLY___ ═
2025-10-27 13:36:40,717 INFO     ___FILE_ONLY___ ═
2025-10-27 13:36:40,717 INFO     ___FILE_ONLY___ ═
2025-10-27 13:36:40,717 INFO     ___FILE_ONLY___ ═
2025-10-27 13:36:40,717 INFO     ___FILE_ONLY___ ═
2025-10-27 13:36:40,717 INFO     ___FILE_ONLY___ ═
2025-10-27 13:36:40,717 INFO     ___FILE_ONLY___ ═
2025-10-27 13:36:40,717 INFO     ___FILE_ONLY___ ═
2025-10-27 13:36:40,717 INFO     ___FILE_ONLY___ ═
2025-10-27 13:36:40,717 INFO     ___FILE_ONLY___ ═
2025-10-27 13:36:40,717 INFO     ___FILE_ONLY___ ═
2025-10-27 13:36:40,717 INFO     ___FILE_ONLY___ ═
2025-10-27 13:36:40,717 INFO     ___FILE_ONLY___ ═
2025-10-27 13:36:40,718 INFO     ___FILE_ONLY___ ═
2025-10-27 13:36:40,718 INFO     ___FILE_ONLY___ ═
2025-10-27 13:36:40,718 INFO     ___FILE_ONLY___ ═
2025-10-27 13:36:40,718 INFO     ___FILE_ONLY___ ═
2025-10-27 13:36:40,718 INFO     ___FILE_ONLY___ ═
2025-10-27 13:36:40,718 INFO     ___FILE_ONLY___ ═
2025-10-27 13:36:40,718 INFO     ___FILE_ONLY___ ═
2025-10-27 13:36:40,718 INFO     ___FILE_ONLY___ ═
2025-10-27 13:36:40,718 INFO     ___FILE_ONLY___ ═
2025-10-27 13:36:40,718 INFO     ___FILE_ONLY___ ═
2025-10-27 13:36:40,718 INFO     ___FILE_ONLY___ ═
2025-10-27 13:36:40,718 INFO     ___FILE_ONLY___ ═
2025-10-27 13:36:40,719 INFO     ___FILE_ONLY___ ═
2025-10-27 13:36:40,719 INFO     ___FILE_ONLY___ ═
2025-10-27 13:36:40,719 INFO     ___FILE_ONLY___ ═
2025-10-27 13:36:40,719 INFO     ___FILE_ONLY___ ╝

2025-10-27 13:36:40,721 INFO     ___FILE_ONLY___ ╔════════════════════════════════════════════════════════════╗

2025-10-27 13:36:40,721 INFO     ___FILE_ONLY___ ╠═ Downloading: BigQuery Command Line Tool (Platform Spe... ═╣

2025-10-27 13:36:40,721 INFO     ___FILE_ONLY___ ╚
2025-10-27 13:36:40,724 DEBUG    urllib3.connectionpool Starting new HTTPS connection (1): dl.google.com:443
2025-10-27 13:36:40,738 DEBUG    urllib3.connectionpool https://dl.google.com:443 "GET /dl/cloudsdk/channels/rapid/components/google-cloud-sdk-bq-nix-20250523104322.tar.gz HTTP/1.1" 200 1935
2025-10-27 13:36:40,738 INFO     ___FILE_ONLY___ ════════════════════════════════════════════════════════════
2025-10-27 13:36:40,738 INFO     ___FILE_ONLY___ ╝

2025-10-27 13:36:40,740 INFO     ___FILE_ONLY___ ╔════════════════════════════════════════════════════════════╗

2025-10-27 13:36:40,740 INFO     ___FILE_ONLY___ ╠═ Downloading: Bundled Python 3.12                         ═╣

2025-10-27 13:36:40,740 INFO     ___FILE_ONLY___ ╚
2025-10-27 13:36:40,740 INFO     ___FILE_ONLY___ ════════════════════════════════════════════════════════════
2025-10-27 13:36:40,741 INFO     ___FILE_ONLY___ ╝

2025-10-27 13:36:40,742 INFO     ___FILE_ONLY___ ╔════════════════════════════════════════════════════════════╗

2025-10-27 13:36:40,742 INFO     ___FILE_ONLY___ ╠═ Downloading: Bundled Python 3.12 (Platform Specific)     ═╣

2025-10-27 13:36:40,742 INFO     ___FILE_ONLY___ ╚
2025-10-27 13:36:40,745 DEBUG    urllib3.connectionpool Starting new HTTPS connection (1): dl.google.com:443
2025-10-27 13:36:40,759 DEBUG    urllib3.connectionpool https://dl.google.com:443 "GET /dl/cloudsdk/channels/rapid/components/google-cloud-sdk-bundled-python3-unix-linux-x86_64-20250502143716.tar.gz HTTP/1.1" 200 93610468
2025-10-27 13:36:41,081 INFO     ___FILE_ONLY___ ═
2025-10-27 13:36:41,083 INFO     ___FILE_ONLY___ ═
2025-10-27 13:36:41,085 INFO     ___FILE_ONLY___ ═
2025-10-27 13:36:41,086 INFO     ___FILE_ONLY___ ═
2025-10-27 13:36:41,088 INFO     ___FILE_ONLY___ ═
2025-10-27 13:36:41,090 INFO     ___FILE_ONLY___ ═
2025-10-27 13:36:41,092 INFO     ___FILE_ONLY___ ═
2025-10-27 13:36:41,093 INFO     ___FILE_ONLY___ ═
2025-10-27 13:36:41,095 INFO     ___FILE_ONLY___ ═
2025-10-27 13:36:41,096 INFO     ___FILE_ONLY___ ═
2025-10-27 13:36:41,098 INFO     ___FILE_ONLY___ ═
2025-10-27 13:36:41,100 INFO     ___FILE_ONLY___ ═
2025-10-27 13:36:41,101 INFO     ___FILE_ONLY___ ═
2025-10-27 13:36:41,103 INFO     ___FILE_ONLY___ ═
2025-10-27 13:36:41,105 INFO     ___FILE_ONLY___ ═
2025-10-27 13:36:41,106 INFO     ___FILE_ONLY___ ═
2025-10-27 13:36:41,108 INFO     ___FILE_ONLY___ ═
2025-10-27 13:36:41,110 INFO     ___FILE_ONLY___ ═
2025-10-27 13:36:41,111 INFO     ___FILE_ONLY___ ═
2025-10-27 13:36:41,113 INFO     ___FILE_ONLY___ ═
2025-10-27 13:36:41,115 INFO     ___FILE_ONLY___ ═
2025-10-27 13:36:41,116 INFO     ___FILE_ONLY___ ═
2025-10-27 13:36:41,118 INFO     ___FILE_ONLY___ ═
2025-10-27 13:36:41,120 INFO     ___FILE_ONLY___ ═
2025-10-27 13:36:41,121 INFO     ___FILE_ONLY___ ═
2025-10-27 13:36:41,123 INFO     ___FILE_ONLY___ ═
2025-10-27 13:36:41,125 INFO     ___FILE_ONLY___ ═
2025-10-27 13:36:41,126 INFO     ___FILE_ONLY___ ═
2025-10-27 13:36:41,128 INFO     ___FILE_ONLY___ ═
2025-10-27 13:36:41,130 INFO     ___FILE_ONLY___ ═
2025-10-27 13:36:41,131 INFO     ___FILE_ONLY___ ═
2025-10-27 13:36:41,133 INFO     ___FILE_ONLY___ ═
2025-10-27 13:36:41,135 INFO     ___FILE_ONLY___ ═
2025-10-27 13:36:41,136 INFO     ___FILE_ONLY___ ═
2025-10-27 13:36:41,138 INFO     ___FILE_ONLY___ ═
2025-10-27 13:36:41,140 INFO     ___FILE_ONLY___ ═
2025-10-27 13:36:41,141 INFO     ___FILE_ONLY___ ═
2025-10-27 13:36:41,143 INFO     ___FILE_ONLY___ ═
2025-10-27 13:36:41,144 INFO     ___FILE_ONLY___ ═
2025-10-27 13:36:41,146 INFO     ___FILE_ONLY___ ═
2025-10-27 13:36:41,148 INFO     ___FILE_ONLY___ ═
2025-10-27 13:36:41,149 INFO     ___FILE_ONLY___ ═
2025-10-27 13:36:41,151 INFO     ___FILE_ONLY___ ═
2025-10-27 13:36:41,153 INFO     ___FILE_ONLY___ ═
2025-10-27 13:36:41,154 INFO     ___FILE_ONLY___ ═
2025-10-27 13:36:41,156 INFO     ___FILE_ONLY___ ═
2025-10-27 13:36:41,158 INFO     ___FILE_ONLY___ ═
2025-10-27 13:36:41,159 INFO     ___FILE_ONLY___ ═
2025-10-27 13:36:41,161 INFO     ___FILE_ONLY___ ═
2025-10-27 13:36:41,163 INFO     ___FILE_ONLY___ ═
2025-10-27 13:36:41,164 INFO     ___FILE_ONLY___ ═
2025-10-27 13:36:41,166 INFO     ___FILE_ONLY___ ═
2025-10-27 13:36:41,168 INFO     ___FILE_ONLY___ ═
2025-10-27 13:36:41,169 INFO     ___FILE_ONLY___ ═
2025-10-27 13:36:41,171 INFO     ___FILE_ONLY___ ═
2025-10-27 13:36:41,173 INFO     ___FILE_ONLY___ ═
2025-10-27 13:36:41,174 INFO     ___FILE_ONLY___ ═
2025-10-27 13:36:41,176 INFO     ___FILE_ONLY___ ═
2025-10-27 13:36:41,178 INFO     ___FILE_ONLY___ ═
2025-10-27 13:36:41,180 INFO     ___FILE_ONLY___ ═
2025-10-27 13:36:41,180 INFO     ___FILE_ONLY___ ╝

2025-10-27 13:36:41,182 INFO     ___FILE_ONLY___ ╔════════════════════════════════════════════════════════════╗

2025-10-27 13:36:41,182 INFO     ___FILE_ONLY___ ╠═ Downloading: Cloud Storage Command Line Tool             ═╣

2025-10-27 13:36:41,182 INFO     ___FILE_ONLY___ ╚
2025-10-27 13:36:41,185 DEBUG    urllib3.connectionpool Starting new HTTPS connection (1): dl.google.com:443
2025-10-27 13:36:41,199 DEBUG    urllib3.connectionpool https://dl.google.com:443 "GET /dl/cloudsdk/channels/rapid/components/google-cloud-sdk-gsutil-20250627154417.tar.gz HTTP/1.1" 200 12962791
2025-10-27 13:36:41,250 INFO     ___FILE_ONLY___ ═
2025-10-27 13:36:41,250 INFO     ___FILE_ONLY___ ═
2025-10-27 13:36:41,250 INFO     ___FILE_ONLY___ ═
2025-10-27 13:36:41,251 INFO     ___FILE_ONLY___ ═
2025-10-27 13:36:41,251 INFO     ___FILE_ONLY___ ═
2025-10-27 13:36:41,251 INFO     ___FILE_ONLY___ ═
2025-10-27 13:36:41,252 INFO     ___FILE_ONLY___ ═
2025-10-27 13:36:41,252 INFO     ___FILE_ONLY___ ═
2025-10-27 13:36:41,252 INFO     ___FILE_ONLY___ ═
2025-10-27 13:36:41,253 INFO     ___FILE_ONLY___ ═
2025-10-27 13:36:41,253 INFO     ___FILE_ONLY___ ═
2025-10-27 13:36:41,253 INFO     ___FILE_ONLY___ ═
2025-10-27 13:36:41,253 INFO     ___FILE_ONLY___ ═
2025-10-27 13:36:41,254 INFO     ___FILE_ONLY___ ═
2025-10-27 13:36:41,254 INFO     ___FILE_ONLY___ ═
2025-10-27 13:36:41,254 INFO     ___FILE_ONLY___ ═
2025-10-27 13:36:41,255 INFO     ___FILE_ONLY___ ═
2025-10-27 13:36:41,255 INFO     ___FILE_ONLY___ ═
2025-10-27 13:36:41,255 INFO     ___FILE_ONLY___ ═
2025-10-27 13:36:41,255 INFO     ___FILE_ONLY___ ═
2025-10-27 13:36:41,256 INFO     ___FILE_ONLY___ ═
2025-10-27 13:36:41,256 INFO     ___FILE_ONLY___ ═
2025-10-27 13:36:41,256 INFO     ___FILE_ONLY___ ═
2025-10-27 13:36:41,257 INFO     ___FILE_ONLY___ ═
2025-10-27 13:36:41,257 INFO     ___FILE_ONLY___ ═
2025-10-27 13:36:41,257 INFO     ___FILE_ONLY___ ═
2025-10-27 13:36:41,257 INFO     ___FILE_ONLY___ ═
2025-10-27 13:36:41,258 INFO     ___FILE_ONLY___ ═
2025-10-27 13:36:41,258 INFO     ___FILE_ONLY___ ═
2025-10-27 13:36:41,258 INFO     ___FILE_ONLY___ ═
2025-10-27 13:36:41,258 INFO     ___FILE_ONLY___ ═
2025-10-27 13:36:41,259 INFO     ___FILE_ONLY___ ═
2025-10-27 13:36:41,259 INFO     ___FILE_ONLY___ ═
2025-10-27 13:36:41,259 INFO     ___FILE_ONLY___ ═
2025-10-27 13:36:41,260 INFO     ___FILE_ONLY___ ═
2025-10-27 13:36:41,260 INFO     ___FILE_ONLY___ ═
2025-10-27 13:36:41,260 INFO     ___FILE_ONLY___ ═
2025-10-27 13:36:41,260 INFO     ___FILE_ONLY___ ═
2025-10-27 13:36:41,261 INFO     ___FILE_ONLY___ ═
2025-10-27 13:36:41,261 INFO     ___FILE_ONLY___ ═
2025-10-27 13:36:41,261 INFO     ___FILE_ONLY___ ═
2025-10-27 13:36:41,262 INFO     ___FILE_ONLY___ ═
2025-10-27 13:36:41,262 INFO     ___FILE_ONLY___ ═
2025-10-27 13:36:41,262 INFO     ___FILE_ONLY___ ═
2025-10-27 13:36:41,262 INFO     ___FILE_ONLY___ ═
2025-10-27 13:36:41,263 INFO     ___FILE_ONLY___ ═
2025-10-27 13:36:41,263 INFO     ___FILE_ONLY___ ═
2025-10-27 13:36:41,263 INFO     ___FILE_ONLY___ ═
2025-10-27 13:36:41,264 INFO     ___FILE_ONLY___ ═
2025-10-27 13:36:41,264 INFO     ___FILE_ONLY___ ═
2025-10-27 13:36:41,264 INFO     ___FILE_ONLY___ ═
2025-10-27 13:36:41,264 INFO     ___FILE_ONLY___ ═
2025-10-27 13:36:41,265 INFO     ___FILE_ONLY___ ═
2025-10-27 13:36:41,265 INFO     ___FILE_ONLY___ ═
2025-10-27 13:36:41,265 INFO     ___FILE_ONLY___ ═
2025-10-27 13:36:41,266 INFO     ___FILE_ONLY___ ═
2025-10-27 13:36:41,266 INFO     ___FILE_ONLY___ ═
2025-10-27 13:36:41,266 INFO     ___FILE_ONLY___ ═
2025-10-27 13:36:41,266 INFO     ___FILE_ONLY___ ═
2025-10-27 13:36:41,267 INFO     ___FILE_ONLY___ ═
2025-10-27 13:36:41,267 INFO     ___FILE_ONLY___ ╝

2025-10-27 13:36:41,269 INFO     ___FILE_ONLY___ ╔════════════════════════════════════════════════════════════╗

2025-10-27 13:36:41,269 INFO     ___FILE_ONLY___ ╠═ Downloading: Cloud Storage Command Line Tool (Platfor... ═╣

2025-10-27 13:36:41,269 INFO     ___FILE_ONLY___ ╚
2025-10-27 13:36:41,272 DEBUG    urllib3.connectionpool Starting new HTTPS connection (1): dl.google.com:443
2025-10-27 13:36:41,317 DEBUG    urllib3.connectionpool https://dl.google.com:443 "GET /dl/cloudsdk/channels/rapid/components/google-cloud-sdk-gsutil-nix-20250523104322.tar.gz HTTP/1.1" 200 1950
2025-10-27 13:36:41,318 INFO     ___FILE_ONLY___ ════════════════════════════════════════════════════════════
2025-10-27 13:36:41,318 INFO     ___FILE_ONLY___ ╝

2025-10-27 13:36:41,320 INFO     ___FILE_ONLY___ ╔════════════════════════════════════════════════════════════╗

2025-10-27 13:36:41,320 INFO     ___FILE_ONLY___ ╠═ Downloading: Default set of gcloud commands              ═╣

2025-10-27 13:36:41,320 INFO     ___FILE_ONLY___ ╚
2025-10-27 13:36:41,320 INFO     ___FILE_ONLY___ ════════════════════════════════════════════════════════════
2025-10-27 13:36:41,320 INFO     ___FILE_ONLY___ ╝

2025-10-27 13:36:41,322 INFO     ___FILE_ONLY___ ╔════════════════════════════════════════════════════════════╗

2025-10-27 13:36:41,322 INFO     ___FILE_ONLY___ ╠═ Downloading: Google Cloud CLI Core Libraries (Platfor... ═╣

2025-10-27 13:36:41,322 INFO     ___FILE_ONLY___ ╚
2025-10-27 13:36:41,325 DEBUG    urllib3.connectionpool Starting new HTTPS connection (1): dl.google.com:443
2025-10-27 13:36:41,343 DEBUG    urllib3.connectionpool https://dl.google.com:443 "GET /dl/cloudsdk/channels/rapid/components/google-cloud-sdk-core-nix-20250523104322.tar.gz HTTP/1.1" 200 2325
2025-10-27 13:36:41,344 INFO     ___FILE_ONLY___ ════════════════════════════════════════════════════════════
2025-10-27 13:36:41,344 INFO     ___FILE_ONLY___ ╝

2025-10-27 13:36:41,346 INFO     ___FILE_ONLY___ ╔════════════════════════════════════════════════════════════╗

2025-10-27 13:36:41,346 INFO     ___FILE_ONLY___ ╠═ Downloading: Google Cloud CRC32C Hash Tool               ═╣

2025-10-27 13:36:41,346 INFO     ___FILE_ONLY___ ╚
2025-10-27 13:36:41,346 INFO     ___FILE_ONLY___ ════════════════════════════════════════════════════════════
2025-10-27 13:36:41,346 INFO     ___FILE_ONLY___ ╝

2025-10-27 13:36:41,348 INFO     ___FILE_ONLY___ ╔════════════════════════════════════════════════════════════╗

2025-10-27 13:36:41,348 INFO     ___FILE_ONLY___ ╠═ Downloading: Google Cloud CRC32C Hash Tool (Platform ... ═╣

2025-10-27 13:36:41,348 INFO     ___FILE_ONLY___ ╚
2025-10-27 13:36:41,351 DEBUG    urllib3.connectionpool Starting new HTTPS connection (1): dl.google.com:443
2025-10-27 13:36:41,395 DEBUG    urllib3.connectionpool https://dl.google.com:443 "GET /dl/cloudsdk/channels/rapid/components/google-cloud-sdk-gcloud-crc32c-linux-x86_64-20250613150750.tar.gz HTTP/1.1" 200 1525557
2025-10-27 13:36:41,406 INFO     ___FILE_ONLY___ ═
2025-10-27 13:36:41,406 INFO     ___FILE_ONLY___ ═
2025-10-27 13:36:41,406 INFO     ___FILE_ONLY___ ═
2025-10-27 13:36:41,406 INFO     ___FILE_ONLY___ ═
2025-10-27 13:36:41,406 INFO     ___FILE_ONLY___ ═
2025-10-27 13:36:41,407 INFO     ___FILE_ONLY___ ═
2025-10-27 13:36:41,407 INFO     ___FILE_ONLY___ ═
2025-10-27 13:36:41,407 INFO     ___FILE_ONLY___ ═
2025-10-27 13:36:41,407 INFO     ___FILE_ONLY___ ═
2025-10-27 13:36:41,407 INFO     ___FILE_ONLY___ ═
2025-10-27 13:36:41,407 INFO     ___FILE_ONLY___ ═
2025-10-27 13:36:41,407 INFO     ___FILE_ONLY___ ═
2025-10-27 13:36:41,407 INFO     ___FILE_ONLY___ ═
2025-10-27 13:36:41,407 INFO     ___FILE_ONLY___ ═
2025-10-27 13:36:41,407 INFO     ___FILE_ONLY___ ═
2025-10-27 13:36:41,407 INFO     ___FILE_ONLY___ ═
2025-10-27 13:36:41,407 INFO     ___FILE_ONLY___ ═
2025-10-27 13:36:41,407 INFO     ___FILE_ONLY___ ═
2025-10-27 13:36:41,408 INFO     ___FILE_ONLY___ ═
2025-10-27 13:36:41,408 INFO     ___FILE_ONLY___ ═
2025-10-27 13:36:41,408 INFO     ___FILE_ONLY___ ═
2025-10-27 13:36:41,408 INFO     ___FILE_ONLY___ ═
2025-10-27 13:36:41,408 INFO     ___FILE_ONLY___ ═
2025-10-27 13:36:41,408 INFO     ___FILE_ONLY___ ═
2025-10-27 13:36:41,408 INFO     ___FILE_ONLY___ ═
2025-10-27 13:36:41,408 INFO     ___FILE_ONLY___ ═
2025-10-27 13:36:41,408 INFO     ___FILE_ONLY___ ═
2025-10-27 13:36:41,408 INFO     ___FILE_ONLY___ ═
2025-10-27 13:36:41,408 INFO     ___FILE_ONLY___ ═
2025-10-27 13:36:41,408 INFO     ___FILE_ONLY___ ═
2025-10-27 13:36:41,409 INFO     ___FILE_ONLY___ ═
2025-10-27 13:36:41,409 INFO     ___FILE_ONLY___ ═
2025-10-27 13:36:41,409 INFO     ___FILE_ONLY___ ═
2025-10-27 13:36:41,409 INFO     ___FILE_ONLY___ ═
2025-10-27 13:36:41,409 INFO     ___FILE_ONLY___ ═
2025-10-27 13:36:41,409 INFO     ___FILE_ONLY___ ═
2025-10-27 13:36:41,409 INFO     ___FILE_ONLY___ ═
2025-10-27 13:36:41,409 INFO     ___FILE_ONLY___ ═
2025-10-27 13:36:41,409 INFO     ___FILE_ONLY___ ═
2025-10-27 13:36:41,409 INFO     ___FILE_ONLY___ ═
2025-10-27 13:36:41,409 INFO     ___FILE_ONLY___ ═
2025-10-27 13:36:41,409 INFO     ___FILE_ONLY___ ═
2025-10-27 13:36:41,409 INFO     ___FILE_ONLY___ ═
2025-10-27 13:36:41,410 INFO     ___FILE_ONLY___ ═
2025-10-27 13:36:41,410 INFO     ___FILE_ONLY___ ═
2025-10-27 13:36:41,410 INFO     ___FILE_ONLY___ ═
2025-10-27 13:36:41,410 INFO     ___FILE_ONLY___ ═
2025-10-27 13:36:41,410 INFO     ___FILE_ONLY___ ═
2025-10-27 13:36:41,410 INFO     ___FILE_ONLY___ ═
2025-10-27 13:36:41,410 INFO     ___FILE_ONLY___ ═
2025-10-27 13:36:41,410 INFO     ___FILE_ONLY___ ═
2025-10-27 13:36:41,410 INFO     ___FILE_ONLY___ ═
2025-10-27 13:36:41,410 INFO     ___FILE_ONLY___ ═
2025-10-27 13:36:41,410 INFO     ___FILE_ONLY___ ═
2025-10-27 13:36:41,410 INFO     ___FILE_ONLY___ ═
2025-10-27 13:36:41,410 INFO     ___FILE_ONLY___ ═
2025-10-27 13:36:41,411 INFO     ___FILE_ONLY___ ═
2025-10-27 13:36:41,411 INFO     ___FILE_ONLY___ ═
2025-10-27 13:36:41,411 INFO     ___FILE_ONLY___ ═
2025-10-27 13:36:41,411 INFO     ___FILE_ONLY___ ═
2025-10-27 13:36:41,411 INFO     ___FILE_ONLY___ ╝

2025-10-27 13:36:41,413 INFO     ___FILE_ONLY___ ╔════════════════════════════════════════════════════════════╗

2025-10-27 13:36:41,413 INFO     ___FILE_ONLY___ ╠═ Downloading: gcloud cli dependencies (Platform Specific) ═╣

2025-10-27 13:36:41,413 INFO     ___FILE_ONLY___ ╚
2025-10-27 13:36:41,416 DEBUG    urllib3.connectionpool Starting new HTTPS connection (1): dl.google.com:443
2025-10-27 13:36:41,463 DEBUG    urllib3.connectionpool https://dl.google.com:443 "GET /dl/cloudsdk/channels/rapid/components/google-cloud-sdk-gcloud-deps-linux-x86_64-20210416153011.tar.gz HTTP/1.1" 200 104
2025-10-27 13:36:41,464 INFO     ___FILE_ONLY___ ════════════════════════════════════════════════════════════
2025-10-27 13:36:41,464 INFO     ___FILE_ONLY___ ╝

2025-10-27 13:36:41,466 INFO     ___FILE_ONLY___ ╔════════════════════════════════════════════════════════════╗

2025-10-27 13:36:41,466 INFO     ___FILE_ONLY___ ╠═ Installing: BigQuery Command Line Tool                   ═╣

2025-10-27 13:36:41,466 INFO     ___FILE_ONLY___ ╚
2025-10-27 13:36:41,559 INFO     ___FILE_ONLY___ ═
2025-10-27 13:36:41,562 INFO     ___FILE_ONLY___ ═
2025-10-27 13:36:41,564 INFO     ___FILE_ONLY___ ═
2025-10-27 13:36:41,566 INFO     ___FILE_ONLY___ ═
2025-10-27 13:36:41,568 INFO     ___FILE_ONLY___ ═
2025-10-27 13:36:41,571 INFO     ___FILE_ONLY___ ═
2025-10-27 13:36:41,574 INFO     ___FILE_ONLY___ ═
2025-10-27 13:36:41,575 INFO     ___FILE_ONLY___ ═
2025-10-27 13:36:41,578 INFO     ___FILE_ONLY___ ═
2025-10-27 13:36:41,580 INFO     ___FILE_ONLY___ ═
2025-10-27 13:36:41,582 INFO     ___FILE_ONLY___ ═
2025-10-27 13:36:41,584 INFO     ___FILE_ONLY___ ═
2025-10-27 13:36:41,586 INFO     ___FILE_ONLY___ ═
2025-10-27 13:36:41,588 INFO     ___FILE_ONLY___ ═
2025-10-27 13:36:41,590 INFO     ___FILE_ONLY___ ═
2025-10-27 13:36:41,593 INFO     ___FILE_ONLY___ ═
2025-10-27 13:36:41,595 INFO     ___FILE_ONLY___ ═
2025-10-27 13:36:41,597 INFO     ___FILE_ONLY___ ═
2025-10-27 13:36:41,599 INFO     ___FILE_ONLY___ ═
2025-10-27 13:36:41,602 INFO     ___FILE_ONLY___ ═
2025-10-27 13:36:41,604 INFO     ___FILE_ONLY___ ═
2025-10-27 13:36:41,606 INFO     ___FILE_ONLY___ ═
2025-10-27 13:36:41,609 INFO     ___FILE_ONLY___ ═
2025-10-27 13:36:41,610 INFO     ___FILE_ONLY___ ═
2025-10-27 13:36:41,612 INFO     ___FILE_ONLY___ ═
2025-10-27 13:36:41,614 INFO     ___FILE_ONLY___ ═
2025-10-27 13:36:41,616 INFO     ___FILE_ONLY___ ═
2025-10-27 13:36:41,618 INFO     ___FILE_ONLY___ ═
2025-10-27 13:36:41,620 INFO     ___FILE_ONLY___ ═
2025-10-27 13:36:41,624 INFO     ___FILE_ONLY___ ═
2025-10-27 13:36:41,625 INFO     ___FILE_ONLY___ ═
2025-10-27 13:36:41,628 INFO     ___FILE_ONLY___ ═
2025-10-27 13:36:41,629 INFO     ___FILE_ONLY___ ═
2025-10-27 13:36:41,633 INFO     ___FILE_ONLY___ ═
2025-10-27 13:36:41,635 INFO     ___FILE_ONLY___ ═
2025-10-27 13:36:41,642 INFO     ___FILE_ONLY___ ═
2025-10-27 13:36:41,647 INFO     ___FILE_ONLY___ ═
2025-10-27 13:36:41,651 INFO     ___FILE_ONLY___ ═
2025-10-27 13:36:41,653 INFO     ___FILE_ONLY___ ═
2025-10-27 13:36:41,656 INFO     ___FILE_ONLY___ ═
2025-10-27 13:36:41,658 INFO     ___FILE_ONLY___ ═
2025-10-27 13:36:41,660 INFO     ___FILE_ONLY___ ═
2025-10-27 13:36:41,663 INFO     ___FILE_ONLY___ ═
2025-10-27 13:36:41,666 INFO     ___FILE_ONLY___ ═
2025-10-27 13:36:41,668 INFO     ___FILE_ONLY___ ═
2025-10-27 13:36:41,671 INFO     ___FILE_ONLY___ ═
2025-10-27 13:36:41,672 INFO     ___FILE_ONLY___ ═
2025-10-27 13:36:41,675 INFO     ___FILE_ONLY___ ═
2025-10-27 13:36:41,677 INFO     ___FILE_ONLY___ ═
2025-10-27 13:36:41,679 INFO     ___FILE_ONLY___ ═
2025-10-27 13:36:41,681 INFO     ___FILE_ONLY___ ═
2025-10-27 13:36:41,683 INFO     ___FILE_ONLY___ ═
2025-10-27 13:36:41,685 INFO     ___FILE_ONLY___ ═
2025-10-27 13:36:41,688 INFO     ___FILE_ONLY___ ═
2025-10-27 13:36:41,689 INFO     ___FILE_ONLY___ ═
2025-10-27 13:36:41,692 INFO     ___FILE_ONLY___ ═
2025-10-27 13:36:41,694 INFO     ___FILE_ONLY___ ═
2025-10-27 13:36:41,696 INFO     ___FILE_ONLY___ ═
2025-10-27 13:36:41,697 INFO     ___FILE_ONLY___ ═
2025-10-27 13:36:41,699 INFO     ___FILE_ONLY___ ═
2025-10-27 13:36:41,700 INFO     ___FILE_ONLY___ ╝

2025-10-27 13:36:41,707 INFO     ___FILE_ONLY___ ╔════════════════════════════════════════════════════════════╗

2025-10-27 13:36:41,707 INFO     ___FILE_ONLY___ ╠═ Installing: BigQuery Command Line Tool (Platform Spec... ═╣

2025-10-27 13:36:41,707 INFO     ___FILE_ONLY___ ╚
2025-10-27 13:36:41,708 INFO     ___FILE_ONLY___ ════════════════════════════════════════════════════════════
2025-10-27 13:36:41,708 INFO     ___FILE_ONLY___ ╝

2025-10-27 13:36:41,713 INFO     ___FILE_ONLY___ ╔════════════════════════════════════════════════════════════╗

2025-10-27 13:36:41,713 INFO     ___FILE_ONLY___ ╠═ Installing: Bundled Python 3.12                          ═╣

2025-10-27 13:36:41,713 INFO     ___FILE_ONLY___ ╚
2025-10-27 13:36:41,715 INFO     ___FILE_ONLY___ ════════════════════════════════════════════════════════════
2025-10-27 13:36:41,715 INFO     ___FILE_ONLY___ ╝

2025-10-27 13:36:41,717 INFO     ___FILE_ONLY___ ╔════════════════════════════════════════════════════════════╗

2025-10-27 13:36:41,717 INFO     ___FILE_ONLY___ ╠═ Installing: Bundled Python 3.12 (Platform Specific)      ═╣

2025-10-27 13:36:41,717 INFO     ___FILE_ONLY___ ╚
2025-10-27 13:36:43,864 INFO     ___FILE_ONLY___ ═
2025-10-27 13:36:43,876 INFO     ___FILE_ONLY___ ═
2025-10-27 13:36:43,887 INFO     ___FILE_ONLY___ ═
2025-10-27 13:36:43,899 INFO     ___FILE_ONLY___ ═
2025-10-27 13:36:43,911 INFO     ___FILE_ONLY___ ═
2025-10-27 13:36:43,923 INFO     ___FILE_ONLY___ ═
2025-10-27 13:36:43,936 INFO     ___FILE_ONLY___ ═
2025-10-27 13:36:43,947 INFO     ___FILE_ONLY___ ═
2025-10-27 13:36:43,959 INFO     ___FILE_ONLY___ ═
2025-10-27 13:36:43,970 INFO     ___FILE_ONLY___ ═
2025-10-27 13:36:43,982 INFO     ___FILE_ONLY___ ═
2025-10-27 13:36:43,994 INFO     ___FILE_ONLY___ ═
2025-10-27 13:36:44,006 INFO     ___FILE_ONLY___ ═
2025-10-27 13:36:44,018 INFO     ___FILE_ONLY___ ═
2025-10-27 13:36:44,030 INFO     ___FILE_ONLY___ ═
2025-10-27 13:36:44,043 INFO     ___FILE_ONLY___ ═
2025-10-27 13:36:44,055 INFO     ___FILE_ONLY___ ═
2025-10-27 13:36:44,067 INFO     ___FILE_ONLY___ ═
2025-10-27 13:36:44,079 INFO     ___FILE_ONLY___ ═
2025-10-27 13:36:44,090 INFO     ___FILE_ONLY___ ═
2025-10-27 13:36:44,103 INFO     ___FILE_ONLY___ ═
2025-10-27 13:36:44,115 INFO     ___FILE_ONLY___ ═
2025-10-27 13:36:44,127 INFO     ___FILE_ONLY___ ═
2025-10-27 13:36:44,139 INFO     ___FILE_ONLY___ ═
2025-10-27 13:36:44,152 INFO     ___FILE_ONLY___ ═
2025-10-27 13:36:44,164 INFO     ___FILE_ONLY___ ═
2025-10-27 13:36:44,175 INFO     ___FILE_ONLY___ ═
2025-10-27 13:36:44,187 INFO     ___FILE_ONLY___ ═
2025-10-27 13:36:44,199 INFO     ___FILE_ONLY___ ═
2025-10-27 13:36:44,211 INFO     ___FILE_ONLY___ ═
2025-10-27 13:36:44,223 INFO     ___FILE_ONLY___ ═
2025-10-27 13:36:44,235 INFO     ___FILE_ONLY___ ═
2025-10-27 13:36:44,247 INFO     ___FILE_ONLY___ ═
2025-10-27 13:36:44,260 INFO     ___FILE_ONLY___ ═
2025-10-27 13:36:44,276 INFO     ___FILE_ONLY___ ═
2025-10-27 13:36:44,290 INFO     ___FILE_ONLY___ ═
2025-10-27 13:36:45,109 INFO     ___FILE_ONLY___ ═
2025-10-27 13:36:45,132 INFO     ___FILE_ONLY___ ═
2025-10-27 13:36:45,605 INFO     ___FILE_ONLY___ ═
2025-10-27 13:36:45,623 INFO     ___FILE_ONLY___ ═
2025-10-27 13:36:45,644 INFO     ___FILE_ONLY___ ═
2025-10-27 13:36:45,668 INFO     ___FILE_ONLY___ ═
2025-10-27 13:36:45,686 INFO     ___FILE_ONLY___ ═
2025-10-27 13:36:45,712 INFO     ___FILE_ONLY___ ═
2025-10-27 13:36:45,731 INFO     ___FILE_ONLY___ ═
2025-10-27 13:36:45,749 INFO     ___FILE_ONLY___ ═
2025-10-27 13:36:45,765 INFO     ___FILE_ONLY___ ═
2025-10-27 13:36:45,781 INFO     ___FILE_ONLY___ ═
2025-10-27 13:36:45,865 INFO     ___FILE_ONLY___ ═
2025-10-27 13:36:45,883 INFO     ___FILE_ONLY___ ═
2025-10-27 13:36:46,016 INFO     ___FILE_ONLY___ ═
2025-10-27 13:36:46,032 INFO     ___FILE_ONLY___ ═
2025-10-27 13:36:46,048 INFO     ___FILE_ONLY___ ═
2025-10-27 13:36:46,065 INFO     ___FILE_ONLY___ ═
2025-10-27 13:36:46,079 INFO     ___FILE_ONLY___ ═
2025-10-27 13:36:46,096 INFO     ___FILE_ONLY___ ═
2025-10-27 13:36:46,113 INFO     ___FILE_ONLY___ ═
2025-10-27 13:36:46,129 INFO     ___FILE_ONLY___ ═
2025-10-27 13:36:46,155 INFO     ___FILE_ONLY___ ═
2025-10-27 13:36:46,612 INFO     ___FILE_ONLY___ ═
2025-10-27 13:36:46,612 INFO     ___FILE_ONLY___ ╝

2025-10-27 13:36:46,664 INFO     ___FILE_ONLY___ ╔════════════════════════════════════════════════════════════╗

2025-10-27 13:36:46,665 INFO     ___FILE_ONLY___ ╠═ Installing: Cloud Storage Command Line Tool              ═╣

2025-10-27 13:36:46,665 INFO     ___FILE_ONLY___ ╚
2025-10-27 13:36:47,204 INFO     ___FILE_ONLY___ ═
2025-10-27 13:36:47,216 INFO     ___FILE_ONLY___ ═
2025-10-27 13:36:47,226 INFO     ___FILE_ONLY___ ═
2025-10-27 13:36:47,236 INFO     ___FILE_ONLY___ ═
2025-10-27 13:36:47,245 INFO     ___FILE_ONLY___ ═
2025-10-27 13:36:47,278 INFO     ___FILE_ONLY___ ═
2025-10-27 13:36:47,291 INFO     ___FILE_ONLY___ ═
2025-10-27 13:36:47,306 INFO     ___FILE_ONLY___ ═
2025-10-27 13:36:47,320 INFO     ___FILE_ONLY___ ═
2025-10-27 13:36:47,335 INFO     ___FILE_ONLY___ ═
2025-10-27 13:36:47,352 INFO     ___FILE_ONLY___ ═
2025-10-27 13:36:47,363 INFO     ___FILE_ONLY___ ═
2025-10-27 13:36:47,375 INFO     ___FILE_ONLY___ ═
2025-10-27 13:36:47,383 INFO     ___FILE_ONLY___ ═
2025-10-27 13:36:47,393 INFO     ___FILE_ONLY___ ═
2025-10-27 13:36:47,409 INFO     ___FILE_ONLY___ ═
2025-10-27 13:36:47,422 INFO     ___FILE_ONLY___ ═
2025-10-27 13:36:47,432 INFO     ___FILE_ONLY___ ═
2025-10-27 13:36:47,443 INFO     ___FILE_ONLY___ ═
2025-10-27 13:36:47,454 INFO     ___FILE_ONLY___ ═
2025-10-27 13:36:47,463 INFO     ___FILE_ONLY___ ═
2025-10-27 13:36:47,475 INFO     ___FILE_ONLY___ ═
2025-10-27 13:36:47,485 INFO     ___FILE_ONLY___ ═
2025-10-27 13:36:47,496 INFO     ___FILE_ONLY___ ═
2025-10-27 13:36:47,505 INFO     ___FILE_ONLY___ ═
2025-10-27 13:36:47,515 INFO     ___FILE_ONLY___ ═
2025-10-27 13:36:47,525 INFO     ___FILE_ONLY___ ═
2025-10-27 13:36:47,538 INFO     ___FILE_ONLY___ ═
2025-10-27 13:36:47,554 INFO     ___FILE_ONLY___ ═
2025-10-27 13:36:47,566 INFO     ___FILE_ONLY___ ═
2025-10-27 13:36:47,578 INFO     ___FILE_ONLY___ ═
2025-10-27 13:36:47,599 INFO     ___FILE_ONLY___ ═
2025-10-27 13:36:47,614 INFO     ___FILE_ONLY___ ═
2025-10-27 13:36:47,632 INFO     ___FILE_ONLY___ ═
2025-10-27 13:36:47,646 INFO     ___FILE_ONLY___ ═
2025-10-27 13:36:47,663 INFO     ___FILE_ONLY___ ═
2025-10-27 13:36:47,672 INFO     ___FILE_ONLY___ ═
2025-10-27 13:36:47,683 INFO     ___FILE_ONLY___ ═
2025-10-27 13:36:47,718 INFO     ___FILE_ONLY___ ═
2025-10-27 13:36:47,732 INFO     ___FILE_ONLY___ ═
2025-10-27 13:36:47,742 INFO     ___FILE_ONLY___ ═
2025-10-27 13:36:47,752 INFO     ___FILE_ONLY___ ═
2025-10-27 13:36:47,762 INFO     ___FILE_ONLY___ ═
2025-10-27 13:36:47,773 INFO     ___FILE_ONLY___ ═
2025-10-27 13:36:47,784 INFO     ___FILE_ONLY___ ═
2025-10-27 13:36:47,794 INFO     ___FILE_ONLY___ ═
2025-10-27 13:36:47,803 INFO     ___FILE_ONLY___ ═
2025-10-27 13:36:47,813 INFO     ___FILE_ONLY___ ═
2025-10-27 13:36:47,822 INFO     ___FILE_ONLY___ ═
2025-10-27 13:36:47,835 INFO     ___FILE_ONLY___ ═
2025-10-27 13:36:47,849 INFO     ___FILE_ONLY___ ═
2025-10-27 13:36:47,864 INFO     ___FILE_ONLY___ ═
2025-10-27 13:36:47,877 INFO     ___FILE_ONLY___ ═
2025-10-27 13:36:47,890 INFO     ___FILE_ONLY___ ═
2025-10-27 13:36:47,902 INFO     ___FILE_ONLY___ ═
2025-10-27 13:36:47,917 INFO     ___FILE_ONLY___ ═
2025-10-27 13:36:47,932 INFO     ___FILE_ONLY___ ═
2025-10-27 13:36:47,953 INFO     ___FILE_ONLY___ ═
2025-10-27 13:36:47,969 INFO     ___FILE_ONLY___ ═
2025-10-27 13:36:47,986 INFO     ___FILE_ONLY___ ═
2025-10-27 13:36:47,987 INFO     ___FILE_ONLY___ ╝

2025-10-27 13:36:48,019 INFO     ___FILE_ONLY___ ╔════════════════════════════════════════════════════════════╗

2025-10-27 13:36:48,019 INFO     ___FILE_ONLY___ ╠═ Installing: Cloud Storage Command Line Tool (Platform... ═╣

2025-10-27 13:36:48,019 INFO     ___FILE_ONLY___ ╚
2025-10-27 13:36:48,020 INFO     ___FILE_ONLY___ ════════════════════════════════════════════════════════════
2025-10-27 13:36:48,020 INFO     ___FILE_ONLY___ ╝

2025-10-27 13:36:48,024 INFO     ___FILE_ONLY___ ╔════════════════════════════════════════════════════════════╗

2025-10-27 13:36:48,024 INFO     ___FILE_ONLY___ ╠═ Installing: Default set of gcloud commands               ═╣

2025-10-27 13:36:48,024 INFO     ___FILE_ONLY___ ╚
2025-10-27 13:36:48,027 INFO     ___FILE_ONLY___ ════════════════════════════════════════════════════════════
2025-10-27 13:36:48,027 INFO     ___FILE_ONLY___ ╝

2025-10-27 13:36:48,028 INFO     ___FILE_ONLY___ ╔════════════════════════════════════════════════════════════╗

2025-10-27 13:36:48,029 INFO     ___FILE_ONLY___ ╠═ Installing: Google Cloud CLI Core Libraries (Platform... ═╣

2025-10-27 13:36:48,029 INFO     ___FILE_ONLY___ ╚
2025-10-27 13:36:48,029 INFO     ___FILE_ONLY___ ══════════════════════════════
2025-10-27 13:36:48,030 INFO     ___FILE_ONLY___ ══════════════════════════════
2025-10-27 13:36:48,030 INFO     ___FILE_ONLY___ ╝

2025-10-27 13:36:48,034 INFO     ___FILE_ONLY___ ╔════════════════════════════════════════════════════════════╗

2025-10-27 13:36:48,034 INFO     ___FILE_ONLY___ ╠═ Installing: Google Cloud CRC32C Hash Tool                ═╣

2025-10-27 13:36:48,034 INFO     ___FILE_ONLY___ ╚
2025-10-27 13:36:48,036 INFO     ___FILE_ONLY___ ════════════════════════════════════════════════════════════
2025-10-27 13:36:48,037 INFO     ___FILE_ONLY___ ╝

2025-10-27 13:36:48,038 INFO     ___FILE_ONLY___ ╔════════════════════════════════════════════════════════════╗

2025-10-27 13:36:48,038 INFO     ___FILE_ONLY___ ╠═ Installing: Google Cloud CRC32C Hash Tool (Platform S... ═╣

2025-10-27 13:36:48,038 INFO     ___FILE_ONLY___ ╚
2025-10-27 13:36:48,075 INFO     ___FILE_ONLY___ ══════════════════════════════
2025-10-27 13:36:48,076 INFO     ___FILE_ONLY___ ══════════════════════════════
2025-10-27 13:36:48,076 INFO     ___FILE_ONLY___ ╝

2025-10-27 13:36:48,080 INFO     ___FILE_ONLY___ ╔════════════════════════════════════════════════════════════╗

2025-10-27 13:36:48,081 INFO     ___FILE_ONLY___ ╠═ Installing: gcloud cli dependencies (Platform Specific)  ═╣

2025-10-27 13:36:48,081 INFO     ___FILE_ONLY___ ╚
2025-10-27 13:36:48,081 INFO     ___FILE_ONLY___ ════════════════════════════════════════════════════════════
2025-10-27 13:36:48,081 INFO     ___FILE_ONLY___ ╝

2025-10-27 13:36:48,086 DEBUG    root            Updating notification cache...
2025-10-27 13:36:48,086 INFO     ___FILE_ONLY___ 

2025-10-27 13:36:48,088 INFO     ___FILE_ONLY___ Performing post processing steps...
2025-10-27 13:36:48,088 DEBUG    root            Executing command: ['/tools/google-cloud-sdk/bin/gcloud', 'components', 'post-process']
2025-10-27 13:36:56,733 DEBUG    ___FILE_ONLY___ 
2025-10-27 13:36:56,733 DEBUG    ___FILE_ONLY___ 
2025-10-27 13:36:56,854 INFO     root            descriptor_list: [{'universeDomain': 'googleapis.com', 'universeShortName': '', 'authenticationDomain': 'auth.cloud.google.com', 'projectPrefix': '', 'cloudWebDomain': 'cloud.google.com', 'documentationDomain': 'cloud.google.com', 'version': '1.0.0', 'state': 'primary', 'artifactRegistryDomain': 'pkg.dev'}]
2025-10-27 13:36:56,855 INFO     ___FILE_ONLY___ 
Update done!


2025-10-27 13:36:56,857 DEBUG    root            Chosen display Format:none
2025-10-27 13:36:56,858 INFO     root            Display format: "none"
